\BOOKMARK [0][-]{chapter.1}{\376\377\004\036\004\101\004\075\004\076\004\062\004\113\000\040\004\077\004\076\004\101\004\102\004\100\004\076\004\065\004\075\004\070\004\117\000\040\004\067\004\060\004\077\004\100\004\076\004\101\004\076\004\062}{}% 1
\BOOKMARK [1][-]{section.1.1}{\376\377\004\036\004\101\004\075\004\076\004\062\004\113\000\040\004\117\004\067\004\113\004\072\004\060\000\040\000T\000-\000S\000Q\000L}{chapter.1}% 2
\BOOKMARK [1][-]{section.1.2}{\376\377\004\037\004\076\004\075\004\070\004\074\004\060\004\075\004\070\004\065\000\040\004\073\004\076\004\063\004\070\004\107\004\065\004\101\004\072\004\076\004\071\000\040\004\076\004\061\004\100\004\060\004\061\004\076\004\102\004\072\004\070\000\040\004\067\004\060\004\077\004\100\004\076\004\101\004\076\004\062}{chapter.1}% 3
\BOOKMARK [0][-]{chapter.2}{\376\377\004\035\004\060\004\107\004\060\004\073\004\076\000\040\004\100\004\060\004\061\004\076\004\102\004\113\000\040\004\101\000\040\004\070\004\075\004\101\004\102\004\100\004\103\004\072\004\106\004\070\004\065\004\071\000\040\000S\000E\000L\000E\000C\000T}{}% 4
\BOOKMARK [1][-]{section.2.1}{\376\377\004\030\004\101\004\077\004\076\004\073\004\114\004\067\004\076\004\062\004\060\004\075\004\070\004\065\000\040\000F\000R\000O\000M\000\040\004\070\000\040\000S\000E\000L\000E\000C\000T}{chapter.2}% 5
\BOOKMARK [1][-]{section.2.2}{\376\377\004\040\004\060\004\061\004\076\004\102\004\060\000\040\004\101\000\040\004\102\004\070\004\077\004\060\004\074\004\070\000\040\004\064\004\060\004\075\004\075\004\113\004\105\000\040\004\070\000\040\004\062\004\101\004\102\004\100\004\076\004\065\004\075\004\075\004\113\004\074\004\070\000\040\004\104\004\103\004\075\004\072\004\106\004\070\004\117\004\074\004\070}{chapter.2}% 6
\BOOKMARK [2][-]{subsection.2.2.1}{\376\377\004\022\004\113\004\061\004\076\004\100\000\040\004\102\004\070\004\077\004\076\004\062\000\040\004\064\004\060\004\075\004\075\004\113\004\105\000\040\004\064\004\073\004\117\000\040\004\072\004\073\004\116\004\107\004\065\004\071}{section.2.2}% 7
\BOOKMARK [2][-]{subsection.2.2.2}{\376\377\004\022\004\113\004\100\004\060\004\066\004\065\004\075\004\070\004\065\000\040\000C\000A\000S\000E\000\040\004\070\000\040\004\101\004\062\004\117\004\067\004\060\004\075\004\075\004\113\004\065\000\040\004\101\000\040\004\075\004\070\004\074\000\040\004\104\004\103\004\075\004\072\004\106\004\070\004\070}{section.2.2}% 8
\BOOKMARK [2][-]{subsection.2.2.3}{\376\377\004\044\004\103\004\075\004\072\004\106\004\070\004\117\000\040\000C\000O\000A\000L\000E\000S\000C\000E}{section.2.2}% 9
\BOOKMARK [0][-]{chapter.3}{\376\377\004\044\004\070\004\073\004\114\004\102\004\100\004\060\004\106\004\070\004\117\000\040\004\070\000\040\004\101\004\076\004\100\004\102\004\070\004\100\004\076\004\062\004\072\004\060\000\040\004\064\004\060\004\075\004\075\004\113\004\105\000\040}{}% 10
\BOOKMARK [1][-]{section.3.1}{\376\377\004\044\004\070\004\073\004\114\004\102\004\100\004\060\004\106\004\070\004\117\000\040\004\064\004\060\004\075\004\075\004\113\004\105\000\040\004\101\000\040\004\077\004\076\004\074\004\076\004\111\004\114\004\116\000\040\004\077\004\100\004\065\004\064\004\070\004\072\004\060\004\102\004\076\004\062\000\040}{chapter.3}% 11
\BOOKMARK [2][-]{subsection.3.1.1}{\376\377\004\037\004\100\004\065\004\064\004\070\004\072\004\060\004\102\000\040\000L\000I\000K\000E}{section.3.1}% 12
\BOOKMARK [2][-]{subsection.3.1.2}{\376\377\004\044\004\070\004\073\004\114\004\102\004\100\004\060\004\106\004\070\004\117\000\040\004\064\004\060\004\075\004\075\004\113\004\105\000\040\004\064\004\060\004\102\004\113\000\040\004\070\000\040\004\062\004\100\004\065\004\074\004\065\004\075\004\070}{section.3.1}% 13
\BOOKMARK [1][-]{section.3.2}{\376\377\004\041\004\076\004\100\004\102\004\070\004\100\004\076\004\062\004\072\004\060\000\040\004\064\004\060\004\075\004\075\004\113\004\105}{chapter.3}% 14
\BOOKMARK [1][-]{section.3.3}{\376\377\004\044\004\070\004\073\004\114\004\102\004\100\004\060\004\106\004\070\004\117\000\040\004\064\004\060\004\075\004\075\004\113\004\105\000\040\004\101\000\040\004\077\004\076\004\074\004\076\004\111\004\114\004\116\000\040\000T\000O\000P\000\040\004\070\000\040\000O\000F\000F\000S\000E\000T\000.\000.\000.\000F\000E\000T\000C\000H}{chapter.3}% 15
\BOOKMARK [2][-]{subsection.3.3.1}{\376\377\004\044\004\070\004\073\004\114\004\102\004\100\004\060\004\106\004\070\004\117\000\040\004\064\004\060\004\075\004\075\004\113\004\105\000\040\004\101\000\040\004\077\004\076\004\074\004\076\004\111\004\114\004\116\000\040\004\077\004\100\004\065\004\064\004\073\004\076\004\066\004\065\004\075\004\070\004\117\000\040\000T\000O\000P}{section.3.3}% 16
\BOOKMARK [2][-]{subsection.3.3.2}{\376\377\004\044\004\070\004\073\004\114\004\102\004\100\004\060\004\106\004\070\004\117\000\040\004\064\004\060\004\075\004\075\004\113\004\105\000\040\004\101\000\040\004\077\004\076\004\074\004\076\004\111\004\114\004\116\000\040\000O\000F\000F\000S\000E\000T\000.\000.\000.\000F\000E\000T\000C\000H}{section.3.3}% 17
\BOOKMARK [0][-]{chapter.4}{\376\377\004\032\004\076\004\074\004\061\004\070\004\075\004\070\004\100\004\076\004\062\004\060\004\075\004\070\004\065\000\040\004\075\004\060\004\061\004\076\004\100\004\076\004\062\000\040\004\064\004\060\004\075\004\075\004\113\004\105}{}% 18
\BOOKMARK [1][-]{section.4.1}{\376\377\004\030\004\101\004\077\004\076\004\073\004\114\004\067\004\076\004\062\004\060\004\075\004\070\004\065\000\040\004\101\004\076\004\065\004\064\004\070\004\075\004\065\004\075\004\070\004\071}{chapter.4}% 19
\BOOKMARK [2][-]{subsection.4.1.1}{\376\377\004\037\004\065\004\100\004\065\004\072\004\100\004\065\004\101\004\102\004\075\004\113\004\065\000\040\004\101\004\076\004\065\004\064\004\070\004\075\004\065\004\075\004\070\004\117\000\040\000C\000R\000O\000S\000S\000\040\000J\000O\000I\000N}{section.4.1}% 20
\BOOKMARK [2][-]{subsection.4.1.2}{\376\377\004\022\004\075\004\103\004\102\004\100\004\065\004\075\004\075\004\070\004\065\000\040\004\101\004\076\004\065\004\064\004\070\004\075\004\065\004\075\004\070\004\117\000\040\000I\000N\000N\000E\000R\000\040\000J\000O\000I\000N}{section.4.1}% 21
\BOOKMARK [2][-]{subsection.4.1.3}{\376\377\004\022\004\075\004\065\004\110\004\075\004\070\004\065\000\040\004\101\004\076\004\065\004\064\004\070\004\075\004\065\004\075\004\070\004\117\000\040\000O\000U\000T\000E\000R\000\040\000J\000O\000I\000N}{section.4.1}% 22
\BOOKMARK [1][-]{section.4.2}{\376\377\004\030\004\101\004\077\004\076\004\073\004\114\004\067\004\076\004\062\004\060\004\075\004\070\004\065\000\040\004\077\004\076\004\064\004\067\004\060\004\077\004\100\004\076\004\101\004\076\004\062\000,\000\040\004\102\004\060\004\061\004\073\004\070\004\107\004\075\004\113\004\105\000\040\004\062\004\113\004\100\004\060\004\066\004\065\004\075\004\070\004\071\000\040\004\070\000\040\004\076\004\077\004\065\004\100\004\060\004\102\004\076\004\100\004\060\000\040\000A\000P\000P\000L\000Y}{chapter.4}% 23
\BOOKMARK [2][-]{subsection.4.2.1}{\376\377\004\035\004\065\004\067\004\060\004\062\004\070\004\101\004\070\004\074\004\113\004\065\000\040\004\077\004\076\004\064\004\067\004\060\004\077\004\100\004\076\004\101\004\113}{section.4.2}% 24
\BOOKMARK [2][-]{subsection.4.2.2}{\376\377\004\032\004\076\004\100\004\100\004\065\004\073\004\070\004\100\004\076\004\062\004\060\004\075\004\075\004\113\004\065\000\040\000\050\004\101\004\062\004\117\004\067\004\060\004\075\004\075\004\113\004\065\000\051\000\040\004\077\004\076\004\064\004\067\004\060\004\077\004\100\004\076\004\101\004\113}{section.4.2}% 25
\BOOKMARK [1][-]{section.4.3}{\376\377\004\042\004\060\004\061\004\073\004\070\004\107\004\075\004\113\004\065\000\040\004\062\004\113\004\100\004\060\004\066\004\065\004\075\004\070\004\117}{chapter.4}% 26
\BOOKMARK [2][-]{subsection.4.3.1}{\376\377\004\037\004\100\004\076\004\070\004\067\004\062\004\076\004\064\004\075\004\113\004\065\000\040\004\102\004\060\004\061\004\073\004\070\004\106\004\113}{section.4.3}% 27
\BOOKMARK [2][-]{subsection.4.3.2}{\376\377\004\036\004\061\004\076\004\061\004\111\004\065\004\075\004\075\004\113\004\065\000\040\004\102\004\060\004\061\004\073\004\070\004\107\004\075\004\113\004\065\000\040\004\062\004\113\004\100\004\060\004\066\004\065\004\075\004\070\004\117}{section.4.3}% 28
\BOOKMARK [2][-]{subsection.4.3.3}{\376\377\004\037\004\100\004\065\004\064\004\101\004\102\004\060\004\062\004\073\004\065\004\075\004\070\004\117\000\040\004\070\000\040\004\062\004\101\004\102\004\100\004\076\004\065\004\075\004\075\004\113\004\065\000\040\004\102\004\060\004\061\004\073\004\070\004\107\004\075\004\113\004\065\000\040\004\104\004\103\004\075\004\072\004\106\004\070\004\070}{section.4.3}% 29
\BOOKMARK [1][-]{section.4.4}{\376\377\004\036\004\077\004\065\004\100\004\060\004\102\004\076\004\100\000\040\000A\000P\000P\000L\000Y}{chapter.4}% 30
\BOOKMARK [2][-]{subsection.4.4.1}{\376\377\000C\000R\000O\000S\000S\000\040\000A\000P\000P\000L\000Y}{section.4.4}% 31
\BOOKMARK [2][-]{subsection.4.4.2}{\376\377\000O\000U\000T\000E\000R\000\040\000A\000P\000P\000L\000Y}{section.4.4}% 32
\BOOKMARK [1][-]{section.4.5}{\376\377\004\030\004\101\004\077\004\076\004\073\004\114\004\067\004\076\004\062\004\060\004\075\004\070\004\065\000\040\004\076\004\077\004\065\004\100\004\060\004\102\004\076\004\100\004\076\004\062\000\040\004\100\004\060\004\061\004\076\004\102\004\113\000\040\004\101\000\040\004\075\004\060\004\061\004\076\004\100\004\060\004\074\004\070}{chapter.4}% 33
\BOOKMARK [2][-]{subsection.4.5.1}{\376\377\004\036\004\077\004\065\004\100\004\060\004\102\004\076\004\100\004\113\000\040\000U\000N\000I\000O\000N\000\040\004\070\000\040\000U\000N\000I\000O\000N\000\040\000A\000L\000L}{section.4.5}% 34
\BOOKMARK [2][-]{subsection.4.5.2}{\376\377\004\036\004\077\004\065\004\100\004\060\004\102\004\076\004\100\000\040\000I\000N\000T\000E\000R\000S\000E\000C\000T}{section.4.5}% 35
\BOOKMARK [2][-]{subsection.4.5.3}{\376\377\004\036\004\077\004\065\004\100\004\060\004\102\004\076\004\100\000\040\000E\000X\000C\000E\000P\000T}{section.4.5}% 36
\BOOKMARK [0][-]{chapter.5}{\376\377\004\023\004\100\004\103\004\077\004\077\004\070\004\100\004\076\004\062\004\060\004\075\004\070\004\065\000\040\004\070\000\040\004\076\004\072\004\076\004\075\004\075\004\113\004\065\000\040\004\104\004\103\004\075\004\072\004\106\004\070\004\070}{}% 37
\BOOKMARK [1][-]{section.5.1}{\376\377\004\035\004\060\004\077\004\070\004\101\004\060\004\075\004\070\004\065\000\040\004\067\004\060\004\077\004\100\004\076\004\101\004\076\004\062\000\040\004\064\004\073\004\117\000\040\004\063\004\100\004\103\004\077\004\077\004\070\004\100\004\076\004\062\004\072\004\070\000\040\004\064\004\060\004\075\004\075\004\113\004\105}{chapter.5}% 38
\BOOKMARK [1][-]{section.5.2}{\376\377\004\040\004\060\004\061\004\076\004\102\004\060\000\040\004\101\000\040\004\075\004\065\004\101\004\072\004\076\004\073\004\114\004\072\004\070\004\074\004\070\000\040\004\075\004\060\004\061\004\076\004\100\004\060\004\074\004\070\000\040\004\063\004\100\004\103\004\077\004\077\004\070\004\100\004\076\004\062\004\060\004\075\004\070\004\117}{chapter.5}% 39
\BOOKMARK [2][-]{subsection.5.2.1}{\376\377\000G\000R\000O\000U\000P\000I\000N\000G\000\040\000S\000E\000T\000S}{section.5.2}% 40
\BOOKMARK [2][-]{subsection.5.2.2}{\376\377\000C\000U\000B\000E}{section.5.2}% 41
\BOOKMARK [2][-]{subsection.5.2.3}{\376\377\000R\000O\000L\000L\000U\000P}{section.5.2}% 42
\BOOKMARK [2][-]{subsection.5.2.4}{\376\377\000G\000R\000O\000U\000P\000I\000N\000G\000,\000\040\000G\000R\000O\000U\000P\000I\000N\000G\000\137\000I\000D}{section.5.2}% 43
\BOOKMARK [1][-]{section.5.3}{\376\377\004\041\004\062\004\065\004\064\004\065\004\075\004\070\004\065\000\040\004\070\000\040\004\076\004\102\004\074\004\065\004\075\004\060\000\040\004\101\004\062\004\065\004\064\004\065\004\075\004\070\004\117\000\040\004\064\004\060\004\075\004\075\004\113\004\105}{chapter.5}% 44
\BOOKMARK [2][-]{subsection.5.3.1}{\376\377\004\041\004\062\004\065\004\064\004\065\004\075\004\070\004\065\000\040\004\064\004\060\004\075\004\075\004\113\004\105}{section.5.3}% 45
\BOOKMARK [2][-]{subsection.5.3.2}{\376\377\004\036\004\102\004\074\004\065\004\075\004\060\000\040\004\101\004\062\004\065\004\064\004\065\004\075\004\070\004\117\000\040\004\064\004\060\004\075\004\075\004\113\004\105}{section.5.3}% 46
\BOOKMARK [1][-]{section.5.4}{\376\377\004\030\004\101\004\077\004\076\004\073\004\114\004\067\004\076\004\062\004\060\004\075\004\070\004\065\000\040\004\076\004\072\004\076\004\075\004\075\004\113\004\105\000\040\004\104\004\103\004\075\004\072\004\106\004\070\004\071}{chapter.5}% 47
\BOOKMARK [2][-]{subsection.5.4.1}{\376\377\004\041\004\102\004\060\004\102\004\070\004\101\004\102\004\070\004\107\004\065\004\101\004\072\004\070\004\065\000\040\004\076\004\072\004\076\004\075\004\075\004\113\004\065\000\040\004\104\004\103\004\075\004\072\004\106\004\070\004\070}{section.5.4}% 48
\BOOKMARK [2][-]{subsection.5.4.2}{\376\377\004\040\004\060\004\075\004\066\004\070\004\100\004\103\004\116\004\111\004\070\004\065\000\040\004\076\004\072\004\076\004\075\004\075\004\113\004\065\000\040\004\104\004\103\004\075\004\072\004\106\004\070\004\070}{section.5.4}% 49
\BOOKMARK [2][-]{subsection.5.4.3}{\376\377\004\036\004\072\004\076\004\075\004\075\004\113\004\065\000\040\004\104\004\103\004\075\004\072\004\106\004\070\004\070\000\040\004\101\004\074\004\065\004\111\004\065\004\075\004\070\004\117}{section.5.4}% 50
\BOOKMARK [0][-]{chapter.6}{\376\377\004\027\004\060\004\077\004\100\004\076\004\101\004\113\000\040\004\101\000\040\004\077\004\076\004\073\004\075\004\076\004\102\004\065\004\072\004\101\004\102\004\076\004\062\004\113\004\074\000\040\004\077\004\076\004\070\004\101\004\072\004\076\004\074\000\040\004\064\004\060\004\075\004\075\004\113\004\105}{}% 51
\BOOKMARK [1][-]{section.6.1}{\376\377\004\041\004\076\004\067\004\064\004\060\004\075\004\070\004\065\000\040\004\077\004\076\004\073\004\075\004\076\004\102\004\065\004\072\004\101\004\102\004\076\004\062\004\113\004\105\000\040\004\072\004\060\004\102\004\060\004\073\004\076\004\063\004\076\004\062\000\040\004\070\000\040\004\070\004\075\004\064\004\065\004\072\004\101\004\076\004\062}{chapter.6}% 52
\BOOKMARK [2][-]{subsection.6.1.1}{\376\377\004\032\004\076\004\074\004\077\004\076\004\075\004\065\004\075\004\102\004\113\000\040\004\077\004\076\004\073\004\075\004\076\004\102\004\065\004\072\004\101\004\102\004\076\004\062\004\076\004\063\004\076\000\040\004\077\004\076\004\070\004\101\004\072\004\060}{section.6.1}% 53
\BOOKMARK [1][-]{section.6.2}{\376\377\004\030\004\101\004\077\004\076\004\073\004\114\004\067\004\076\004\062\004\060\004\075\004\070\004\065\000\040\004\077\004\100\004\065\004\064\004\070\004\072\004\060\004\102\004\076\004\062\000\040\000C\000O\000N\000T\000A\000I\000N\000S\000\040\004\070\000\040\000F\000R\000E\000E\000T\000E\000X\000T}{chapter.6}% 54
\BOOKMARK [2][-]{subsection.6.2.1}{\376\377\004\037\004\100\004\065\004\064\004\070\004\072\004\060\004\102\000\040\000C\000O\000N\000T\000A\000I\000N\000S}{section.6.2}% 55
\BOOKMARK [2][-]{subsection.6.2.2}{\376\377\004\037\004\100\004\065\004\064\004\070\004\072\004\060\004\102\000\040\000F\000R\000E\000E\000T\000E\000X\000T}{section.6.2}% 56
\BOOKMARK [1][-]{section.6.3}{\376\377\004\030\004\101\004\077\004\076\004\073\004\114\004\067\004\076\004\062\004\060\004\075\004\070\004\065\000\040\004\102\004\060\004\061\004\073\004\070\004\107\004\075\004\113\004\105\000\040\004\104\004\103\004\075\004\072\004\106\004\070\004\071\000\040\004\077\004\076\004\073\004\075\004\076\004\102\004\065\004\072\004\101\004\102\004\076\004\062\004\076\004\063\004\076\000\040\004\070\000\040\004\101\004\065\004\074\004\060\004\075\004\102\004\070\004\107\004\065\004\101\004\072\004\076\004\063\004\076\000\040\004\077\004\076\004\070\004\101\004\072\004\060}{chapter.6}% 57
\BOOKMARK [2][-]{subsection.6.3.1}{\376\377\004\041\004\102\004\060\004\102\004\070\004\101\004\102\004\070\004\107\004\065\004\101\004\072\004\070\004\065\000\040\004\076\004\072\004\076\004\075\004\075\004\113\004\065\000\040\004\104\004\103\004\075\004\072\004\106\004\070\004\070}{section.6.3}% 58
\BOOKMARK [0][-]{chapter.7}{\376\377\004\027\004\060\004\077\004\100\004\076\004\101\000\040\004\070\000\040\004\103\004\077\004\100\004\060\004\062\004\073\004\065\004\075\004\070\004\065\000\040\000X\000M\000L\000-\004\064\004\060\004\075\004\075\004\113\004\074\004\070}{}% 59
\BOOKMARK [1][-]{section.7.1}{\376\377\004\022\004\076\004\067\004\062\004\100\004\060\004\111\004\065\004\075\004\070\004\065\000\040\004\100\004\065\004\067\004\103\004\073\004\114\004\102\004\060\004\102\004\076\004\062\000\040\004\062\000\040\004\062\004\070\004\064\004\065\000\040\000X\000M\000L\000\040\004\101\000\040\004\077\004\076\004\074\004\076\004\111\004\114\004\116\000\040\004\077\004\100\004\065\004\064\004\073\004\076\004\066\004\065\004\075\004\070\004\117\000\040\000F\000O\000R\000\040\000X\000M\000L}{chapter.7}% 60
\BOOKMARK [2][-]{subsection.7.1.1}{\376\377\004\040\004\065\004\066\004\070\004\074\000\040\000F\000O\000R\000\040\000X\000M\000L\000\040\000P\000A\000T\000H}{section.7.1}% 61
\BOOKMARK [1][-]{section.7.2}{\376\377\004\027\004\060\004\077\004\100\004\076\004\101\000\040\000X\000M\000L\000-\004\064\004\060\004\075\004\075\004\113\004\105\000\040\004\101\000\040\004\077\004\076\004\074\004\076\004\111\004\114\004\116\000\040\000X\000Q\000u\000e\000r\000y}{chapter.7}% 62
\BOOKMARK [0][-]{chapter.8}{\376\377\004\041\004\076\004\067\004\064\004\060\004\075\004\070\004\065\000\040\004\102\004\060\004\061\004\073\004\070\004\106\000\040\004\070\000\040\004\076\004\061\004\065\004\101\004\077\004\065\004\107\004\065\004\075\004\070\004\065\000\040\004\106\004\065\004\073\004\076\004\101\004\102\004\075\004\076\004\101\004\102\004\070\000\040\004\064\004\060\004\075\004\075\004\113\004\105}{}% 63
\BOOKMARK [1][-]{section.8.1}{\376\377\004\041\004\076\004\067\004\064\004\060\004\075\004\070\004\065\000\040\004\070\000\040\004\070\004\067\004\074\004\065\004\075\004\065\004\075\004\070\004\065\000\040\004\102\004\060\004\061\004\073\004\070\004\106}{chapter.8}% 64
\BOOKMARK [2][-]{subsection.8.1.1}{\376\377\004\041\004\076\004\067\004\064\004\060\004\075\004\070\004\065\000\040\004\102\004\060\004\061\004\073\004\070\004\106\004\113}{section.8.1}% 65
\BOOKMARK [2][-]{subsection.8.1.2}{\376\377\004\036\004\077\004\100\004\065\004\064\004\065\004\073\004\065\004\075\004\070\004\065\000\040\004\101\004\105\004\065\004\074\004\113\000\040\004\061\004\060\004\067\004\113\000\040\004\064\004\060\004\075\004\075\004\113\004\105}{section.8.1}% 66
\BOOKMARK [2][-]{subsection.8.1.3}{\376\377\004\041\004\062\004\076\004\071\004\101\004\102\004\062\004\076\000\040\004\070\004\064\004\065\004\075\004\102\004\070\004\104\004\070\004\072\004\060\004\102\004\076\004\100\004\060\000\040\004\070\000\040\004\077\004\076\004\100\004\117\004\064\004\072\004\076\004\062\004\113\004\065\000\040\004\075\004\076\004\074\004\065\004\100\004\060}{section.8.1}% 67
\BOOKMARK [2][-]{subsection.8.1.4}{\376\377\004\041\004\066\004\060\004\102\004\070\004\065\000\040\004\102\004\060\004\061\004\073\004\070\004\106}{section.8.1}% 68
\BOOKMARK [2][-]{subsection.8.1.5}{\376\377\004\030\004\067\004\074\004\065\004\075\004\065\004\075\004\070\004\065\000\040\004\102\004\060\004\061\004\073\004\070\004\106\004\113}{section.8.1}% 69
\BOOKMARK [1][-]{section.8.2}{\376\377\004\036\004\061\004\065\004\101\004\077\004\065\004\107\004\065\004\075\004\070\004\065\000\040\004\106\004\065\004\073\004\076\004\101\004\102\004\075\004\076\004\101\004\102\004\070\000\040\004\064\004\060\004\075\004\075\004\113\004\105}{chapter.8}% 70
\BOOKMARK [2][-]{subsection.8.2.1}{\376\377\004\030\004\101\004\077\004\076\004\073\004\114\004\067\004\076\004\062\004\060\004\075\004\070\004\065\000\040\004\076\004\063\004\100\004\060\004\075\004\070\004\107\004\065\004\075\004\070\004\071}{section.8.2}% 71
\BOOKMARK [0][-]{chapter.9}{\376\377\004\037\004\100\004\076\004\065\004\072\004\102\004\070\004\100\004\076\004\062\004\060\004\075\004\070\004\065\000\040\004\070\000\040\004\101\004\076\004\067\004\064\004\060\004\075\004\070\004\065\000\040\004\077\004\100\004\065\004\064\004\101\004\102\004\060\004\062\004\073\004\065\004\075\004\070\004\071\000,\000\040\004\062\004\101\004\102\004\100\004\076\004\065\004\075\004\075\004\113\004\105\000\040\004\104\004\103\004\075\004\072\004\106\004\070\004\071\000\040\004\070\000\040\004\101\004\070\004\075\004\076\004\075\004\070\004\074\004\076\004\062}{}% 72
\BOOKMARK [1][-]{section.9.1}{\376\377\004\037\004\100\004\076\004\065\004\072\004\102\004\070\004\100\004\076\004\062\004\060\004\075\004\070\004\065\000\040\004\070\000\040\004\100\004\065\004\060\004\073\004\070\004\067\004\060\004\106\004\070\004\117\000\040\004\077\004\100\004\065\004\064\004\101\004\102\004\060\004\062\004\073\004\065\004\075\004\070\004\071\000\040\004\070\000\040\004\062\004\101\004\102\004\100\004\076\004\065\004\075\004\075\004\113\004\105\000\040\004\104\004\103\004\075\004\072\004\106\004\070\004\071\000\040}{chapter.9}% 73
\BOOKMARK [2][-]{subsection.9.1.1}{\376\377\004\037\004\060\004\100\004\060\004\074\004\065\004\102\004\100\004\113\000\040\004\077\004\100\004\065\004\064\004\101\004\102\004\060\004\062\004\073\004\065\004\075\004\070\004\117}{section.9.1}% 74
\BOOKMARK [2][-]{subsection.9.1.2}{\376\377\004\037\004\100\004\065\004\064\004\073\004\076\004\066\004\065\004\075\004\070\004\065\000\040\000W\000I\000T\000H\000\040\000C\000H\000E\000C\000K\000\040\000O\000P\000T\000I\000O\000N}{section.9.1}% 75
\BOOKMARK [2][-]{subsection.9.1.3}{\376\377\004\036\004\063\004\100\004\060\004\075\004\070\004\107\004\065\004\075\004\070\004\117\000\040\004\062\000\040\004\077\004\100\004\065\004\064\004\101\004\102\004\060\004\062\004\073\004\065\004\075\004\070\004\117\004\105}{section.9.1}% 76
\BOOKMARK [2][-]{subsection.9.1.4}{\376\377\004\030\004\075\004\064\004\065\004\072\004\101\004\070\004\100\004\076\004\062\004\060\004\075\004\075\004\113\004\065\000\040\004\077\004\100\004\065\004\064\004\101\004\102\004\060\004\062\004\073\004\065\004\075\004\070\004\117}{section.9.1}% 77
\BOOKMARK [2][-]{subsection.9.1.5}{\376\377\004\022\004\113\004\077\004\076\004\073\004\075\004\065\004\075\004\070\004\065\000\040\004\067\004\060\004\077\004\100\004\076\004\101\004\076\004\062\000\040\004\070\004\067\000\040\004\077\004\100\004\065\004\064\004\101\004\102\004\060\004\062\004\073\004\065\004\075\004\070\004\071}{section.9.1}% 78
\BOOKMARK [2][-]{subsection.9.1.6}{\376\377\004\030\004\067\004\074\004\065\004\075\004\065\004\075\004\070\004\065\000\040\004\077\004\100\004\065\004\064\004\101\004\102\004\060\004\062\004\073\004\065\004\075\004\070\004\117}{section.9.1}% 79
\BOOKMARK [2][-]{subsection.9.1.7}{\376\377\004\043\004\064\004\060\004\073\004\065\004\075\004\070\004\065\000\040\004\077\004\100\004\065\004\064\004\101\004\102\004\060\004\062\004\073\004\065\004\075\004\070\004\117}{section.9.1}% 80
\BOOKMARK [2][-]{subsection.9.1.8}{\376\377\004\034\004\076\004\064\004\070\004\104\004\070\004\072\004\060\004\106\004\070\004\117\000\040\004\064\004\060\004\075\004\075\004\113\004\105\000\040\004\101\000\040\004\077\004\076\004\074\004\076\004\111\004\114\004\116\000\040\004\077\004\100\004\065\004\064\004\101\004\102\004\060\004\062\004\073\004\065\004\075\004\070\004\117}{section.9.1}% 81
\BOOKMARK [2][-]{subsection.9.1.9}{\376\377\004\041\004\065\004\072\004\106\004\070\004\076\004\075\004\070\004\100\004\076\004\062\004\060\004\075\004\075\004\113\004\065\000\040\004\077\004\100\004\065\004\064\004\101\004\102\004\060\004\062\004\073\004\065\004\075\004\070\004\117}{section.9.1}% 82
\BOOKMARK [2][-]{subsection.9.1.10}{\376\377\004\022\004\101\004\102\004\100\004\076\004\065\004\075\004\075\004\113\004\065\000\040\004\104\004\103\004\075\004\072\004\106\004\070\004\070}{section.9.1}% 83
\BOOKMARK [2][-]{subsection.9.1.11}{\376\377\004\037\004\060\004\100\004\060\004\074\004\065\004\102\004\100\004\113\000\040\004\062\004\101\004\102\004\100\004\076\004\065\004\075\004\075\004\076\004\071\000\040\004\104\004\103\004\075\004\072\004\106\004\070\004\070}{section.9.1}% 84
\BOOKMARK [1][-]{section.9.2}{\376\377\004\030\004\101\004\077\004\076\004\073\004\114\004\067\004\076\004\062\004\060\004\075\004\070\004\065\000\040\004\101\004\070\004\075\004\076\004\075\004\070\004\074\004\076\004\062}{chapter.9}% 85
\BOOKMARK [2][-]{subsection.9.2.1}{\376\377\004\041\004\076\004\067\004\064\004\060\004\075\004\070\004\065\000\040\004\101\004\070\004\075\004\076\004\075\004\070\004\074\004\060}{section.9.2}% 86
\BOOKMARK [2][-]{subsection.9.2.2}{\376\377\004\041\004\100\004\060\004\062\004\075\004\065\004\075\004\070\004\065\000\040\004\101\004\070\004\075\004\076\004\075\004\070\004\074\004\076\004\062\000\040\004\101\000\040\004\064\004\100\004\103\004\063\004\070\004\074\004\070\000\040\004\076\004\061\004\112\004\065\004\072\004\102\004\060\004\074\004\070\000\040\004\061\004\060\004\067\000\040\004\064\004\060\004\075\004\075\004\113\004\105}{section.9.2}% 87
\BOOKMARK [0][-]{chapter.10}{\376\377\004\022\004\101\004\102\004\060\004\062\004\072\004\060\000,\000\040\004\076\004\061\004\075\004\076\004\062\004\073\004\065\004\075\004\070\004\065\000\040\004\070\000\040\004\103\004\064\004\060\004\073\004\065\004\075\004\070\004\065\000\040\004\064\004\060\004\075\004\075\004\113\004\105}{}% 88
\BOOKMARK [1][-]{section.10.1}{\376\377\004\022\004\101\004\102\004\060\004\062\004\072\004\060\000\040\004\064\004\060\004\075\004\075\004\113\004\105}{chapter.10}% 89
\BOOKMARK [2][-]{subsection.10.1.1}{\376\377\004\030\004\075\004\101\004\102\004\100\004\103\004\072\004\106\004\070\004\117\000\040\000I\000N\000S\000E\000R\000T\000\040\000V\000A\000L\000U\000E\000S}{section.10.1}% 90
\BOOKMARK [2][-]{subsection.10.1.2}{\376\377\004\030\004\075\004\101\004\102\004\100\004\103\004\072\004\106\004\070\004\117\000\040\000I\000N\000S\000E\000R\000T\000\040\000S\000E\000L\000E\000C\000T}{section.10.1}% 91
\BOOKMARK [2][-]{subsection.10.1.3}{\376\377\004\030\004\075\004\101\004\102\004\100\004\103\004\072\004\106\004\070\004\117\000\040\000I\000N\000S\000E\000R\000T\000\040\000E\000X\000E\000C}{section.10.1}% 92
\BOOKMARK [2][-]{subsection.10.1.4}{\376\377\004\030\004\075\004\101\004\102\004\100\004\103\004\072\004\106\004\070\004\117\000\040\000S\000E\000L\000E\000C\000T\000\040\000I\000N\000T\000O}{section.10.1}% 93
\BOOKMARK [1][-]{section.10.2}{\376\377\004\036\004\061\004\075\004\076\004\062\004\073\004\065\004\075\004\070\004\065\000\040\004\064\004\060\004\075\004\075\004\113\004\105}{chapter.10}% 94
\BOOKMARK [2][-]{subsection.10.2.1}{\376\377\004\030\004\075\004\101\004\102\004\100\004\103\004\072\004\106\004\070\004\117\000\040\000U\000P\000D\000A\000T\000E}{section.10.2}% 95
\BOOKMARK [2][-]{subsection.10.2.2}{\376\377\004\036\004\061\004\075\004\076\004\062\004\073\004\065\004\075\004\070\004\065\000\040\004\101\000\040\004\070\004\101\004\077\004\076\004\073\004\114\004\067\004\076\004\062\004\060\004\075\004\070\004\065\004\074\000\040\004\076\004\061\004\112\004\065\004\064\004\070\004\075\004\065\004\075\004\070\004\117}{section.10.2}% 96
\BOOKMARK [2][-]{subsection.10.2.3}{\376\377\004\030\004\075\004\101\004\102\004\100\004\103\004\072\004\106\004\070\004\117\000\040\000U\000P\000D\000A\000T\000E\000\040\004\070\000\040\004\102\004\060\004\061\004\073\004\070\004\107\004\075\004\113\004\065\000\040\004\062\004\113\004\100\004\060\004\066\004\065\004\075\004\070\004\117}{section.10.2}% 97
\BOOKMARK [1][-]{section.10.3}{\376\377\004\043\004\064\004\060\004\073\004\065\004\075\004\070\004\065\000\040\004\064\004\060\004\075\004\075\004\113\004\105}{chapter.10}% 98
\BOOKMARK [2][-]{subsection.10.3.1}{\376\377\004\030\004\075\004\101\004\102\004\100\004\103\004\072\004\106\004\070\004\117\000\040\000D\000E\000L\000E\000T\000E}{section.10.3}% 99
\BOOKMARK [2][-]{subsection.10.3.2}{\376\377\004\030\004\075\004\101\004\102\004\100\004\103\004\072\004\106\004\070\004\117\000\040\000T\000R\000U\000N\000C\000A\000T\000E}{section.10.3}% 100
\BOOKMARK [2][-]{subsection.10.3.3}{\376\377\004\030\004\075\004\101\004\102\004\100\004\103\004\072\004\106\004\070\004\117\000\040\000D\000E\000L\000E\000T\000E\000\040\004\075\004\060\000\040\004\076\004\101\004\075\004\076\004\062\004\065\000\040\004\076\004\061\004\112\004\065\004\064\004\070\004\075\004\065\004\075\004\070\004\071}{section.10.3}% 101
\BOOKMARK [2][-]{subsection.10.3.4}{\376\377\004\030\004\075\004\101\004\102\004\100\004\103\004\072\004\106\004\070\004\117\000\040\000D\000E\000L\000E\000T\000E\000\040\004\101\000\040\004\102\004\060\004\061\004\073\004\070\004\107\004\075\004\113\004\074\004\070\000\040\004\062\004\113\004\100\004\060\004\066\004\065\004\075\004\070\004\117\004\074\004\070}{section.10.3}% 102
\BOOKMARK [0][-]{chapter.11}{\376\377\004\024\004\100\004\103\004\063\004\070\004\065\000\040\004\062\004\070\004\064\004\113\000\040\004\074\004\076\004\064\004\070\004\104\004\070\004\072\004\060\004\106\004\070\004\070\000\040\004\064\004\060\004\075\004\075\004\113\004\105}{}% 103
\BOOKMARK [1][-]{section.11.1}{\376\377\004\030\004\101\004\077\004\076\004\073\004\114\004\067\004\076\004\062\004\060\004\075\004\070\004\065\000\040\004\076\004\061\004\112\004\065\004\072\004\102\004\060\000\040\004\077\004\076\004\101\004\073\004\065\004\064\004\076\004\062\004\060\004\102\004\065\004\073\004\114\004\075\004\076\004\101\004\102\004\070\000\040\004\070\000\040\004\101\004\062\004\076\004\071\004\101\004\102\004\062\004\060\000\040\004\101\004\102\004\076\004\073\004\061\004\106\004\060\000\040\000I\000D\000E\000N\000T\000I\000T\000Y}{chapter.11}% 104
\BOOKMARK [2][-]{subsection.11.1.1}{\376\377\004\030\004\101\004\077\004\076\004\073\004\114\004\067\004\076\004\062\004\060\004\075\004\070\004\065\000\040\004\076\004\061\004\112\004\065\004\072\004\102\004\060\000\040\004\077\004\076\004\101\004\073\004\065\004\064\004\076\004\062\004\060\004\102\004\065\004\073\004\114\004\075\004\076\004\101\004\102\004\070}{section.11.1}% 105
\BOOKMARK [1][-]{section.11.2}{\376\377\004\041\004\073\004\070\004\117\004\075\004\070\004\065\000\040\004\064\004\060\004\075\004\075\004\113\004\105}{chapter.11}% 106
\BOOKMARK [2][-]{subsection.11.2.1}{\376\377\004\030\004\101\004\077\004\076\004\073\004\114\004\067\004\076\004\062\004\060\004\075\004\070\004\065\000\040\004\070\004\075\004\101\004\102\004\100\004\103\004\072\004\106\004\070\004\070\000\040\000M\000E\000R\000G\000E}{section.11.2}% 107
\BOOKMARK [1][-]{section.11.3}{\376\377\004\030\004\101\004\077\004\076\004\073\004\114\004\067\004\076\004\062\004\060\004\075\004\070\004\065\000\040\004\077\004\100\004\065\004\064\004\073\004\076\004\066\004\065\004\075\004\070\004\117\000\040\000O\000U\000T\000P\000U\000T}{chapter.11}% 108
\BOOKMARK [2][-]{subsection.11.3.1}{\376\377\004\030\004\075\004\101\004\102\004\100\004\103\004\072\004\106\004\070\004\117\000\040\000I\000N\000S\000E\000R\000T\000\040\004\101\000\040\004\077\004\100\004\065\004\064\004\073\004\076\004\066\004\065\004\075\004\070\004\065\004\074\000\040\000O\000U\000T\000P\000U\000T}{section.11.3}% 109
\BOOKMARK [2][-]{subsection.11.3.2}{\376\377\004\030\004\075\004\101\004\102\004\100\004\103\004\072\004\106\004\070\004\117\000\040\000D\000E\000L\000E\000T\000E\000\040\004\101\000\040\004\077\004\100\004\065\004\064\004\073\004\076\004\066\004\065\004\075\004\070\004\065\004\074\000\040\000O\000U\000T\000P\000U\000T}{section.11.3}% 110
\BOOKMARK [2][-]{subsection.11.3.3}{\376\377\004\030\004\075\004\101\004\102\004\100\004\103\004\072\004\106\004\070\004\117\000\040\000U\000P\000D\000A\000T\000E\000\040\004\101\000\040\004\077\004\100\004\065\004\064\004\073\004\076\004\066\004\065\004\075\004\070\004\065\004\074\000\040\000O\000U\000T\000P\000U\000T}{section.11.3}% 111
\BOOKMARK [2][-]{subsection.11.3.4}{\376\377\004\030\004\075\004\101\004\102\004\100\004\103\004\072\004\106\004\070\004\117\000\040\000M\000E\000R\000G\000E\000\040\004\101\000\040\004\077\004\100\004\065\004\064\004\073\004\076\004\066\004\065\004\075\004\070\004\065\004\074\000\040\000O\000U\000T\000P\000U\000T}{section.11.3}% 112
\BOOKMARK [2][-]{subsection.11.3.5}{\376\377\004\032\004\076\004\074\004\077\004\076\004\075\004\103\004\065\004\074\004\113\004\071\000\040\000D\000M\000L\000\040}{section.11.3}% 113
\BOOKMARK [0][-]{chapter.12}{\376\377\004\040\004\065\004\060\004\073\004\070\004\067\004\060\004\106\004\070\004\117\000\040\004\102\004\100\004\060\004\075\004\067\004\060\004\072\004\106\004\070\004\071\000,\000\040\004\076\004\061\004\100\004\060\004\061\004\076\004\102\004\072\004\060\000\040\004\076\004\110\004\070\004\061\004\076\004\072\000\040\004\070\000\040\004\064\004\070\004\075\004\060\004\074\004\070\004\107\004\065\004\101\004\072\004\070\004\071\000\040\000S\000Q\000L}{}% 114
\BOOKMARK [1][-]{section.12.1}{\376\377\004\043\004\077\004\100\004\060\004\062\004\073\004\065\004\075\004\070\004\065\000\040\004\102\004\100\004\060\004\075\004\067\004\060\004\072\004\106\004\070\004\117\004\074\004\070\000\040\004\070\000\040\004\077\004\060\004\100\004\060\004\073\004\073\004\065\004\073\004\070\004\067\004\074}{chapter.12}% 115
\BOOKMARK [2][-]{subsection.12.1.1}{\376\377\004\041\004\062\004\076\004\071\004\101\004\102\004\062\004\060\000\040\004\102\004\100\004\060\004\075\004\067\004\060\004\072\004\106\004\070\004\071\000\040\000A\000C\000I\000D}{section.12.1}% 116
\BOOKMARK [2][-]{subsection.12.1.2}{\376\377\004\042\004\070\004\077\004\113\000\040\004\102\004\100\004\060\004\075\004\067\004\060\004\072\004\106\004\070\004\071}{section.12.1}% 117
\BOOKMARK [2][-]{subsection.12.1.3}{\376\377\004\032\004\076\004\074\004\060\004\075\004\064\004\113\000\040\004\102\004\100\004\060\004\075\004\067\004\060\004\072\004\106\004\070\004\071}{section.12.1}% 118
\BOOKMARK [2][-]{subsection.12.1.4}{\376\377\004\043\004\100\004\076\004\062\004\075\004\070\000\040\004\070\000\040\004\101\004\076\004\101\004\102\004\076\004\117\004\075\004\070\004\117\000\040\004\102\004\100\004\060\004\075\004\067\004\060\004\072\004\106\004\070\004\071}{section.12.1}% 119
\BOOKMARK [2][-]{subsection.12.1.5}{\376\377\004\040\004\065\004\066\004\070\004\074\004\113\000\040\004\102\004\100\004\060\004\075\004\067\004\060\004\072\004\106\004\070\004\071}{section.12.1}% 120
\BOOKMARK [2][-]{subsection.12.1.6}{\376\377\004\040\004\065\004\066\004\070\004\074\000\040\004\060\004\062\004\102\004\076\004\074\004\060\004\102\004\070\004\107\004\065\004\101\004\072\004\076\004\071\000\040\004\104\004\070\004\072\004\101\004\060\004\106\004\070\004\070}{section.12.1}% 121
\BOOKMARK [2][-]{subsection.12.1.7}{\376\377\004\040\004\065\004\066\004\070\004\074\000\040\004\075\004\065\004\117\004\062\004\075\004\113\004\105\000\040\004\102\004\100\004\060\004\075\004\067\004\060\004\072\004\106\004\070\004\071}{section.12.1}% 122
\BOOKMARK [2][-]{subsection.12.1.8}{\376\377\004\040\004\065\004\066\004\070\004\074\000\040\004\117\004\062\004\075\004\113\004\105\000\040\004\102\004\100\004\060\004\075\004\067\004\060\004\072\004\106\004\070\004\071}{section.12.1}% 123
\BOOKMARK [2][-]{subsection.12.1.9}{\376\377\004\022\004\073\004\076\004\066\004\065\004\075\004\075\004\113\004\065\000\040\004\102\004\100\004\060\004\075\004\067\004\060\004\072\004\106\004\070\004\070}{section.12.1}% 124
\BOOKMARK [2][-]{subsection.12.1.10}{\376\377\004\040\004\060\004\067\004\074\004\065\004\102\004\072\004\060\000\040\004\102\004\100\004\060\004\075\004\067\004\060\004\072\004\106\004\070\004\070}{section.12.1}% 125
\BOOKMARK [2][-]{subsection.12.1.11}{\376\377\004\024\004\076\004\077\004\076\004\073\004\075\004\070\004\102\004\065\004\073\004\114\004\075\004\113\004\065\000\040\004\077\004\060\004\100\004\060\004\074\004\065\004\102\004\100\004\113\000\040\004\102\004\100\004\060\004\075\004\067\004\060\004\072\004\106\004\070\004\070}{section.12.1}% 126
\BOOKMARK [2][-]{subsection.12.1.12}{\376\377\004\036\004\101\004\075\004\076\004\062\004\075\004\113\004\065\000\040\004\061\004\073\004\076\004\072\004\070\004\100\004\076\004\062\004\072\004\070}{section.12.1}% 127
\BOOKMARK [2][-]{subsection.12.1.13}{\376\377\004\043\004\100\004\076\004\062\004\075\004\070\000\040\004\070\004\067\004\076\004\073\004\117\004\106\004\070\004\070\000\040\004\102\004\100\004\060\004\075\004\067\004\060\004\072\004\106\004\070\004\071}{section.12.1}% 128
\BOOKMARK [1][-]{section.12.2}{\376\377\004\040\004\065\004\060\004\073\004\070\004\067\004\060\004\106\004\070\004\117\000\040\004\076\004\061\004\100\004\060\004\061\004\076\004\102\004\072\004\070\000\040\004\076\004\110\004\070\004\061\004\076\004\072}{chapter.12}% 129
\BOOKMARK [2][-]{subsection.12.2.1}{\376\377\004\020\004\075\004\060\004\073\004\070\004\067\000\040\004\101\004\076\004\076\004\061\004\111\004\065\004\075\004\070\004\071\000\040\004\076\004\061\000\040\004\076\004\110\004\070\004\061\004\072\004\065\000\040}{section.12.2}% 130
\BOOKMARK [2][-]{subsection.12.2.2}{\376\377\004\032\004\076\004\074\004\060\004\075\004\064\004\060\000\040\000T\000H\000R\000O\000W}{section.12.2}% 131
\BOOKMARK [2][-]{subsection.12.2.3}{\376\377\004\035\004\065\004\101\004\102\004\100\004\103\004\072\004\102\004\103\004\100\004\070\004\100\004\076\004\062\004\060\004\075\004\075\004\060\004\117\000\040\004\076\004\061\004\100\004\060\004\061\004\076\004\102\004\072\004\060\000\040\004\076\004\110\004\070\004\061\004\076\004\072\000\040\004\101\000\040\004\077\004\076\004\074\004\076\004\111\004\114\004\116\000\040\004\104\004\103\004\075\004\072\004\106\004\070\004\070\000\040\000@\000@\000E\000R\000R\000O\000R}{section.12.2}% 132
\BOOKMARK [2][-]{subsection.12.2.4}{\376\377\004\030\004\101\004\077\004\076\004\073\004\114\004\067\004\076\004\062\004\060\004\075\004\070\004\065\000\040\004\077\004\060\004\100\004\060\004\074\004\065\004\102\004\100\004\060\000\040\000X\000A\000C\000T\000\137\000A\000B\000O\000R\000T\000\040\004\101\000\040\004\102\004\100\004\060\004\075\004\067\004\060\004\072\004\106\004\070\004\117\004\074\004\070}{section.12.2}% 133
\BOOKMARK [2][-]{subsection.12.2.5}{\376\377\004\041\004\102\004\100\004\103\004\072\004\102\004\103\004\100\004\070\004\100\004\076\004\062\004\060\004\075\004\075\004\060\004\117\000\040\004\076\004\061\004\100\004\060\004\061\004\076\004\102\004\072\004\060\000\040\004\076\004\110\004\070\004\061\004\076\004\072\000\040\004\101\000\040\004\077\004\076\004\074\004\076\004\111\004\114\004\116\000\040\004\072\004\076\004\075\004\101\004\102\004\100\004\103\004\072\004\106\004\070\004\070\000\040\000T\000R\000Y\000/\000C\000A\000T\000C\000H}{section.12.2}% 134
\BOOKMARK [1][-]{section.12.3}{\376\377\004\030\004\101\004\077\004\076\004\073\004\114\004\067\004\076\004\062\004\060\004\075\004\070\004\065\000\040\004\064\004\070\004\075\004\060\004\074\004\070\004\107\004\065\004\101\004\072\004\076\004\063\004\076\000\040\000S\000Q\000L}{chapter.12}% 135
\BOOKMARK [2][-]{subsection.12.3.1}{\376\377\004\030\004\075\004\101\004\102\004\100\004\103\004\072\004\106\004\070\004\117\000\040\000E\000X\000E\000C\000U\000T\000E}{section.12.3}% 136
\BOOKMARK [2][-]{subsection.12.3.2}{\376\377\004\030\004\101\004\077\004\076\004\073\004\114\004\067\004\076\004\062\004\060\004\075\004\070\004\065\000\040\004\105\004\100\004\060\004\075\004\070\004\074\004\076\004\071\000\040\004\077\004\100\004\076\004\106\004\065\004\064\004\103\004\100\004\113\000\040\000s\000p\000\137\000e\000x\000e\000c\000u\000t\000e\000s\000q\000l}{section.12.3}% 137
\BOOKMARK [0][-]{chapter.13}{\376\377\004\040\004\060\004\067\004\100\004\060\004\061\004\076\004\102\004\072\004\060\000\040\004\070\000\040\004\100\004\065\004\060\004\073\004\070\004\067\004\060\004\106\004\070\004\117\000\040\004\077\004\100\004\076\004\106\004\065\004\064\004\103\004\100\000\040\000T\000-\000S\000Q\000L}{}% 138
\BOOKMARK [1][-]{section.13.1}{\376\377\004\040\004\060\004\067\004\100\004\060\004\061\004\076\004\102\004\072\004\060\000\040\004\070\000\040\004\100\004\065\004\060\004\073\004\070\004\067\004\060\004\106\004\070\004\117\000\040\004\105\004\100\004\060\004\075\004\070\004\074\004\113\004\105\000\040\004\077\004\100\004\076\004\106\004\065\004\064\004\103\004\100}{chapter.13}% 139
\BOOKMARK [2][-]{subsection.13.1.1}{\376\377\004\036\004\101\004\075\004\076\004\062\004\075\004\113\004\065\000\040\004\101\004\062\004\065\004\064\004\065\004\075\004\070\004\117\000\040\004\076\000\040\004\105\004\100\004\060\004\075\004\070\004\074\004\113\004\105\000\040\004\077\004\100\004\076\004\106\004\065\004\064\004\103\004\100\004\060\004\105\000\040}{section.13.1}% 140
\BOOKMARK [2][-]{subsection.13.1.2}{\376\377\004\037\004\060\004\100\004\060\004\074\004\065\004\102\004\100\004\113\000\040\004\105\004\100\004\060\004\075\004\070\004\074\004\076\004\071\000\040\004\077\004\100\004\076\004\106\004\065\004\064\004\103\004\100\004\113}{section.13.1}% 141
\BOOKMARK [2][-]{subsection.13.1.3}{\376\377\004\021\004\073\004\076\004\072\000\040\000B\000E\000G\000I\000N\000/\000E\000N\000D}{section.13.1}% 142
\BOOKMARK [2][-]{subsection.13.1.4}{\376\377\004\030\004\075\004\101\004\102\004\100\004\103\004\072\004\106\004\070\004\117\000\040\000S\000E\000T\000\040\000N\000O\000C\000O\000U\000N\000T\000\040\000O\000N}{section.13.1}% 143
\BOOKMARK [2][-]{subsection.13.1.5}{\376\377\004\032\004\076\004\074\004\060\004\075\004\064\004\060\000\040\000R\000E\000T\000U\000R\000N\000\040\004\070\000\040\004\072\004\076\004\064\004\113\000\040\004\062\004\076\004\067\004\062\004\100\004\060\004\102\004\060}{section.13.1}% 144
\BOOKMARK [2][-]{subsection.13.1.6}{\376\377\004\033\004\076\004\063\004\070\004\072\004\060\000\040\004\062\004\065\004\102\004\062\004\073\004\065\004\075\004\070\004\117}{section.13.1}% 145
\BOOKMARK [2][-]{subsection.13.1.7}{\376\377\004\032\004\076\004\075\004\101\004\102\004\100\004\103\004\072\004\106\004\070\004\117\000\040\000I\000F\000/\000E\000L\000S\000E}{section.13.1}% 146
\BOOKMARK [2][-]{subsection.13.1.8}{\376\377\004\032\004\076\004\075\004\101\004\102\004\100\004\103\004\072\004\106\004\070\004\117\000\040\000W\000H\000I\000L\000E}{section.13.1}% 147
\BOOKMARK [2][-]{subsection.13.1.9}{\376\377\004\032\004\076\004\074\004\060\004\075\004\064\004\060\000\040\000W\000A\000I\000T\000F\000O\000R}{section.13.1}% 148
\BOOKMARK [2][-]{subsection.13.1.10}{\376\377\004\032\004\076\004\074\004\060\004\075\004\064\004\060\000\040\000W\000A\000I\000T\000F\000O\000R}{section.13.1}% 149
\BOOKMARK [2][-]{subsection.13.1.11}{\376\377\004\022\004\113\004\067\004\076\004\062\000\040\004\064\004\100\004\103\004\063\004\070\004\105\000\040\004\105\004\100\004\060\004\075\004\070\004\074\004\113\004\105\000\040\004\077\004\100\004\076\004\106\004\065\004\064\004\103\004\100}{section.13.1}% 150
\BOOKMARK [1][-]{section.13.2}{\376\377\004\040\004\065\004\060\004\073\004\070\004\067\004\060\004\106\004\070\004\117\000\040\004\102\004\100\004\070\004\063\004\063\004\065\004\100\004\076\004\062}{chapter.13}% 151
\BOOKMARK [2][-]{subsection.13.2.1}{\376\377\004\042\004\100\004\070\004\063\004\063\004\065\004\100\004\113\000\040\000D\000M\000L}{section.13.2}% 152
\BOOKMARK [2][-]{subsection.13.2.2}{\376\377\004\042\004\100\004\070\004\063\004\063\004\065\004\100\004\113\000\040\000A\000F\000T\000E\000R}{section.13.2}% 153
\BOOKMARK [2][-]{subsection.13.2.3}{\376\377\004\036\004\077\004\102\004\070\004\074\004\070\004\067\004\060\004\106\004\070\004\117\000\040\004\102\004\100\004\070\004\063\004\063\004\065\004\100\004\060}{section.13.2}% 154
\BOOKMARK [2][-]{subsection.13.2.4}{\376\377\004\042\004\100\004\070\004\063\004\063\004\065\004\100\004\113\000\040\000I\000N\000S\000T\000E\000A\000D\000\040\000O\000F}{section.13.2}% 155
\BOOKMARK [2][-]{subsection.13.2.5}{\376\377\004\044\004\103\004\075\004\072\004\106\004\070\004\070\000\040\004\102\004\100\004\070\004\063\004\063\004\065\004\100\004\076\004\062\000\040\000D\000M\000L}{section.13.2}% 156
\BOOKMARK [1][-]{section.13.3}{\376\377\004\036\004\101\004\075\004\076\004\062\004\075\004\113\004\065\000\040\004\101\004\062\004\065\004\064\004\065\004\075\004\070\004\117\000\040\004\076\004\061\000\040\004\076\004\077\004\100\004\065\004\064\004\065\004\073\004\117\004\065\004\074\004\113\004\105\000\040\004\077\004\076\004\073\004\114\004\067\004\076\004\062\004\060\004\102\004\065\004\073\004\065\004\074\000\040\004\104\004\103\004\075\004\072\004\106\004\070\004\117\004\105}{chapter.13}% 157
\BOOKMARK [2][-]{subsection.13.3.1}{\376\377\004\041\004\072\004\060\004\073\004\117\004\100\004\075\004\113\004\065\000\040\004\076\004\077\004\100\004\065\004\064\004\065\004\073\004\117\004\065\004\074\004\113\004\065\000\040\004\077\004\076\004\073\004\114\004\067\004\076\004\062\004\060\004\102\004\065\004\073\004\065\004\074\000\040\004\104\004\103\004\075\004\072\004\106\004\070\004\070}{section.13.3}% 158
\BOOKMARK [2][-]{subsection.13.3.2}{\376\377\004\022\004\101\004\102\004\100\004\076\004\065\004\075\004\075\004\060\004\117\000\040\004\077\004\076\004\073\004\114\004\067\004\076\004\062\004\060\004\102\004\065\004\073\004\114\004\101\004\072\004\060\004\117\000\040\004\104\004\103\004\075\004\072\004\106\004\070\004\117\000\040\004\101\000\040\004\102\004\060\004\061\004\073\004\070\004\107\004\075\004\113\004\074\000\040\004\067\004\075\004\060\004\107\004\065\004\075\004\070\004\065\004\074}{section.13.3}% 159
\BOOKMARK [2][-]{subsection.13.3.3}{\376\377\004\034\004\075\004\076\004\063\004\076\004\076\004\077\004\065\004\100\004\060\004\102\004\076\004\100\004\075\004\060\004\117\000\040\004\077\004\076\004\073\004\114\004\067\004\076\004\062\004\060\004\102\004\065\004\073\004\114\004\101\004\072\004\060\004\117\000\040\004\104\004\103\004\075\004\072\004\106\004\070\004\117\000\040\004\101\000\040\004\102\004\060\004\061\004\073\004\070\004\107\004\075\004\113\004\074\000\040\004\067\004\075\004\060\004\107\004\065\004\075\004\070\004\065\004\074}{section.13.3}% 160
\BOOKMARK [2][-]{subsection.13.3.4}{\376\377\004\036\004\063\004\100\004\060\004\075\004\070\004\107\004\065\004\075\004\070\004\117\000\040\004\064\004\073\004\117\000\040\004\076\004\077\004\100\004\065\004\064\004\065\004\073\004\117\004\065\004\074\004\113\004\105\000\040\004\077\004\076\004\073\004\114\004\067\004\076\004\062\004\060\004\102\004\065\004\073\004\065\004\074\000\040\004\104\004\103\004\075\004\072\004\106\004\070\004\071}{section.13.3}% 161
\BOOKMARK [0][-]{chapter.14}{\376\377\004\030\004\101\004\077\004\076\004\073\004\114\004\067\004\076\004\062\004\060\004\075\004\070\004\065\000\040\004\070\004\075\004\101\004\102\004\100\004\103\004\074\004\065\004\075\004\102\004\076\004\062\000\040\004\060\004\075\004\060\004\073\004\070\004\067\004\060\000\040\004\077\004\100\004\076\004\070\004\067\004\062\004\076\004\064\004\070\004\102\004\065\004\073\004\114\004\075\004\076\004\101\004\102\004\070\000\040\004\067\004\060\004\077\004\100\004\076\004\101\004\076\004\062}{}% 162
\BOOKMARK [1][-]{section.14.1}{\376\377\004\036\004\101\004\075\004\076\004\062\004\075\004\113\004\065\000\040\004\077\004\076\004\075\004\117\004\102\004\070\004\117\000\040\004\076\004\077\004\102\004\070\004\074\004\070\004\067\004\060\004\106\004\070\004\070\000\040\004\067\004\060\004\077\004\100\004\076\004\101\004\076\004\062}{chapter.14}% 163
\BOOKMARK [2][-]{subsection.14.1.1}{\376\377\004\037\004\100\004\076\004\061\004\073\004\065\004\074\004\113\000\040\004\076\004\077\004\102\004\070\004\074\004\070\004\067\004\060\004\106\004\070\004\070\000\040\004\067\004\060\004\077\004\100\004\076\004\101\004\076\004\062\000\040\004\070\000\040\004\076\004\077\004\102\004\070\004\074\004\070\004\067\004\060\004\102\004\076\004\100\000\040\004\067\004\060\004\077\004\100\004\076\004\101\004\076\004\062}{section.14.1}% 164
\BOOKMARK [2][-]{subsection.14.1.2}{\376\377\004\037\004\076\004\064\004\101\004\070\004\101\004\102\004\065\004\074\004\060\000\040\004\100\004\060\004\101\004\110\004\070\004\100\004\065\004\075\004\075\004\113\004\105\000\040\004\101\004\076\004\061\004\113\004\102\004\070\004\071\000\040\000S\000Q\000L\000\040\000S\000e\000r\000v\000e\000r\000,\000\040\004\102\004\100\004\060\004\101\004\101\004\070\004\100\004\076\004\062\004\072\004\060\000\040\000S\000Q\000L\000\040\004\070\000\040\004\077\004\100\004\070\004\073\004\076\004\066\004\065\004\075\004\070\004\065\000\040\000S\000Q\000L\000\040\000S\000e\000r\000v\000e\000r\000\040\000P\000r\000o\000f\000i\000l\000e\000r}{section.14.1}% 165
\BOOKMARK [1][-]{section.14.2}{\376\377\004\030\004\101\004\077\004\076\004\073\004\114\004\067\004\076\004\062\004\060\004\075\004\070\004\065\000\040\004\077\004\060\004\100\004\060\004\074\004\065\004\102\004\100\004\076\004\062\000\040\004\101\004\065\004\060\004\075\004\101\004\060\000\040\004\070\004\075\004\101\004\102\004\100\004\103\004\072\004\106\004\070\004\070\000\040\000S\000E\000T\000\040\004\070\000\040\004\060\004\075\004\060\004\073\004\070\004\067\000\040\004\077\004\073\004\060\004\075\004\076\004\062\000\040\004\067\004\060\004\077\004\100\004\076\004\101\004\076\004\062}{chapter.14}% 166
\BOOKMARK [2][-]{subsection.14.2.1}{\376\377\004\037\004\060\004\100\004\060\004\074\004\065\004\102\004\100\004\113\000\040\004\101\004\065\004\060\004\075\004\101\004\060\000\040\004\070\004\075\004\101\004\102\004\100\004\103\004\072\004\106\004\070\004\070\000\040\000S\000E\000T}{section.14.2}% 167
\BOOKMARK [2][-]{subsection.14.2.2}{\376\377\004\037\004\073\004\060\004\075\004\113\000\040\004\062\004\113\004\077\004\076\004\073\004\075\004\065\004\075\004\070\004\117}{section.14.2}% 168
\BOOKMARK [1][-]{section.14.3}{\376\377\004\030\004\101\004\077\004\076\004\073\004\114\004\067\004\076\004\062\004\060\004\075\004\070\004\065\000\040\004\064\004\070\004\075\004\060\004\074\004\070\004\107\004\065\004\101\004\072\004\070\004\105\000\040\004\060\004\064\004\074\004\070\004\075\004\070\004\101\004\102\004\100\004\060\004\102\004\070\004\062\004\075\004\113\004\105\000\040\004\076\004\061\004\112\004\065\004\072\004\102\004\076\004\062}{chapter.14}% 169
\BOOKMARK [2][-]{subsection.14.3.1}{\376\377\004\022\004\062\004\065\004\064\004\065\004\075\004\070\004\065\000\040\004\062\000\040\004\064\004\070\004\075\004\060\004\074\004\070\004\107\004\065\004\101\004\072\004\070\004\065\000\040\004\060\004\064\004\074\004\070\004\075\004\070\004\101\004\102\004\100\004\060\004\102\004\070\004\062\004\075\004\113\004\065\000\040\004\076\004\061\004\112\004\065\004\072\004\102\004\113}{section.14.3}% 170
\BOOKMARK [2][-]{subsection.14.3.2}{\376\377\004\035\004\060\004\070\004\061\004\076\004\073\004\065\004\065\000\040\004\062\004\060\004\066\004\075\004\113\004\065\000\040\004\064\004\070\004\075\004\060\004\074\004\070\004\107\004\065\004\101\004\072\004\070\004\065\000\040\004\060\004\064\004\074\004\070\004\075\004\070\004\101\004\102\004\100\004\060\004\102\004\070\004\062\004\075\004\113\004\065\000\040\004\076\004\061\004\112\004\065\004\072\004\102\004\113\000\040\004\064\004\073\004\117\000\040\004\075\004\060\004\101\004\102\004\100\004\076\004\071\004\072\004\070\000\040\004\076\004\061\004\112\004\065\004\072\004\102\004\076\004\062}{section.14.3}% 171
\BOOKMARK [0][-]{chapter.15}{\376\377\004\040\004\065\004\060\004\073\004\070\004\067\004\060\004\106\004\070\004\117\000\040\004\070\004\075\004\064\004\065\004\072\004\101\004\076\004\062\000\040\004\070\000\040\004\101\004\102\004\060\004\102\004\070\004\101\004\102\004\070\004\072\004\060}{}% 172
\BOOKMARK [1][-]{section.15.1}{\376\377\004\040\004\065\004\060\004\073\004\070\004\067\004\060\004\106\004\070\004\117\000\040\004\070\004\075\004\064\004\065\004\072\004\101\004\076\004\062}{chapter.15}% 173
\BOOKMARK [2][-]{subsection.15.1.1}{\376\377\004\032\004\103\004\107\004\070}{section.15.1}% 174
\BOOKMARK [2][-]{subsection.15.1.2}{\376\377\004\032\004\073\004\060\004\101\004\102\004\065\004\100\004\070\004\067\004\076\004\062\004\060\004\075\004\075\004\113\004\065\000\040\004\070\004\075\004\064\004\065\004\072\004\101\004\113}{section.15.1}% 175
\BOOKMARK [2][-]{subsection.15.1.3}{\376\377\004\040\004\065\004\060\004\073\004\070\004\067\004\060\004\106\004\070\004\117\000\040\004\075\004\065\004\072\004\073\004\060\004\101\004\102\004\065\004\100\004\070\004\067\004\076\004\062\004\060\004\075\004\075\004\113\004\105\000\040\004\070\004\075\004\064\004\065\004\072\004\101\004\076\004\062}{section.15.1}% 176
\BOOKMARK [2][-]{subsection.15.1.4}{\376\377\004\040\004\065\004\060\004\073\004\070\004\067\004\060\004\106\004\070\004\117\000\040\004\070\004\075\004\064\004\065\004\072\004\101\004\070\004\100\004\076\004\062\004\060\004\075\004\075\004\113\004\105\000\040\004\077\004\100\004\065\004\064\004\101\004\102\004\060\004\062\004\073\004\065\004\075\004\070\004\071}{section.15.1}% 177
\BOOKMARK [1][-]{section.15.2}{\376\377\004\030\004\101\004\077\004\076\004\073\004\114\004\067\004\076\004\062\004\060\004\075\004\070\004\065\000\040\004\060\004\100\004\063\004\103\004\074\004\065\004\075\004\102\004\076\004\062\000\040\004\077\004\076\004\070\004\101\004\072\004\060}{chapter.15}% 178
\BOOKMARK [2][-]{subsection.15.2.1}{\376\377\004\020\004\100\004\063\004\103\004\074\004\065\004\075\004\102\004\113\000\040\004\077\004\076\004\070\004\101\004\072\004\060}{section.15.2}% 179
\BOOKMARK [1][-]{section.15.3}{\376\377\004\036\004\101\004\075\004\076\004\062\004\075\004\113\004\065\000\040\004\077\004\076\004\075\004\117\004\102\004\070\004\117\000\040\004\101\004\102\004\060\004\102\004\070\004\101\004\102\004\070\004\072\004\070}{chapter.15}% 180
\BOOKMARK [2][-]{subsection.15.3.1}{\376\377\004\020\004\062\004\102\004\076\004\074\004\060\004\102\004\070\004\107\004\065\004\101\004\072\004\070\000\040\004\101\004\076\004\067\004\064\004\060\004\062\004\060\004\065\004\074\004\060\004\117\000\040\004\101\004\102\004\060\004\102\004\070\004\101\004\102\004\070\004\072\004\060}{section.15.3}% 181
\BOOKMARK [0][-]{chapter.16}{\376\377\004\036\004\101\004\075\004\076\004\062\004\075\004\113\004\065\000\040\004\101\004\062\004\065\004\064\004\065\004\075\004\070\004\117\000\040\004\076\000\040\004\072\004\103\004\100\004\101\004\076\004\100\004\060\004\105\000,\000\040\004\075\004\060\004\061\004\076\004\100\004\060\004\105\000\040\004\064\004\060\004\075\004\075\004\113\004\105\000\040\004\070\000\040\004\062\004\100\004\065\004\074\004\065\004\075\004\075\004\113\004\105\000\040\004\102\004\060\004\061\004\073\004\070\004\106\004\060\004\105}{}% 182
\BOOKMARK [1][-]{section.16.1}{\376\377\004\041\004\100\004\060\004\062\004\075\004\070\004\102\004\065\004\073\004\114\004\075\004\060\004\117\000\040\004\076\004\106\004\065\004\075\004\072\004\060\000\040\004\070\004\101\004\077\004\076\004\073\004\114\004\067\004\076\004\062\004\060\004\075\004\070\004\117\000\040\004\100\004\065\004\110\004\065\004\075\004\070\004\071\000\040\004\075\004\060\000\040\004\076\004\101\004\075\004\076\004\062\004\065\000\040\004\072\004\103\004\100\004\101\004\076\004\100\004\076\004\062\000/\004\070\004\102\004\065\004\100\004\060\004\106\004\070\004\071\000\040\004\070\000\040\004\100\004\065\004\110\004\065\004\075\004\070\004\071\000\040\004\075\004\060\000\040\004\076\004\101\004\075\004\076\004\062\004\065\000\040\004\075\004\060\004\061\004\076\004\100\004\076\004\062\000\040\004\064\004\060\004\075\004\075\004\113\004\105}{chapter.16}% 183
\BOOKMARK [1][-]{section.16.2}{\376\377\004\041\004\100\004\060\004\062\004\075\004\065\004\075\004\070\004\065\000\040\004\070\004\101\004\077\004\076\004\073\004\114\004\067\004\076\004\062\004\060\004\075\004\070\004\117\000\040\004\062\004\100\004\065\004\074\004\065\004\075\004\075\004\113\004\105\000\040\004\102\004\060\004\061\004\073\004\070\004\106\000\040\004\070\000\040\004\102\004\060\004\061\004\073\004\070\004\107\004\075\004\113\004\105\000\040\004\077\004\065\004\100\004\065\004\074\004\065\004\075\004\075\004\113\004\105\000\040}{chapter.16}% 184
\BOOKMARK [0][-]{chapter.17}{\376\377\004\036\004\101\004\075\004\076\004\062\004\075\004\113\004\065\000\040\004\101\004\062\004\065\004\064\004\065\004\075\004\070\004\117\000\040\004\076\000\040\004\064\004\060\004\073\004\114\004\075\004\065\004\071\004\110\004\070\004\105\000\040\004\060\004\101\004\077\004\065\004\072\004\102\004\060\004\105\000\040\004\076\004\077\004\102\004\070\004\074\004\070\004\067\004\060\004\106\004\070\004\070}{}% 185
\BOOKMARK [1][-]{section.17.1}{\376\377\004\036\004\061\004\111\004\070\004\065\000\040\004\101\004\062\004\065\004\064\004\065\004\075\004\070\004\117\000\040\004\076\004\061\000\040\004\070\004\102\004\065\004\100\004\060\004\102\004\076\004\100\004\060\004\105\000\040\004\077\004\073\004\060\004\075\004\076\004\062}{chapter.17}% 186
\BOOKMARK [1][-]{section.17.2}{\376\377\004\030\004\101\004\077\004\076\004\073\004\114\004\067\004\076\004\062\004\060\004\075\004\070\004\065\000\040\004\077\004\060\004\100\004\060\004\074\004\065\004\102\004\100\004\070\004\067\004\076\004\062\004\060\004\075\004\075\004\113\004\105\000\040\004\067\004\060\004\077\004\100\004\076\004\101\004\076\004\062\000\040\004\070\000\040\004\077\004\060\004\072\004\065\004\102\004\075\004\113\004\105\000\040\004\076\004\077\004\065\004\100\004\060\004\106\004\070\004\071}{chapter.17}% 187
