\BOOKMARK [0][-]{chapter.1}{\376\377\004\036\004\101\004\075\004\076\004\062\004\113\000\040\004\077\004\076\004\101\004\102\004\100\004\076\004\065\004\075\004\070\004\117\000\040\004\067\004\060\004\077\004\100\004\076\004\101\004\076\004\062}{}% 1
\BOOKMARK [1][-]{section.1.1}{\376\377\004\036\004\101\004\075\004\076\004\062\004\113\000\040\004\117\004\067\004\113\004\072\004\060\000\040\000T\000-\000S\000Q\000L}{chapter.1}% 2
\BOOKMARK [1][-]{section.1.2}{\376\377\004\037\004\076\004\075\004\070\004\074\004\060\004\075\004\070\004\065\000\040\004\073\004\076\004\063\004\070\004\107\004\065\004\101\004\072\004\076\004\071\000\040\004\076\004\061\004\100\004\060\004\061\004\076\004\102\004\072\004\070\000\040\004\067\004\060\004\077\004\100\004\076\004\101\004\076\004\062}{chapter.1}% 3
\BOOKMARK [0][-]{chapter.2}{\376\377\004\035\004\060\004\107\004\060\004\073\004\076\000\040\004\100\004\060\004\061\004\076\004\102\004\113\000\040\004\101\000\040\004\070\004\075\004\101\004\102\004\100\004\103\004\072\004\106\004\070\004\065\004\071\000\040\000S\000E\000L\000E\000C\000T}{}% 4
\BOOKMARK [1][-]{section.2.1}{\376\377\004\030\004\101\004\077\004\076\004\073\004\114\004\067\004\076\004\062\004\060\004\075\004\070\004\065\000\040\000F\000R\000O\000M\000\040\004\070\000\040\000S\000E\000L\000E\000C\000T}{chapter.2}% 5
\BOOKMARK [1][-]{section.2.2}{\376\377\004\040\004\060\004\061\004\076\004\102\004\060\000\040\004\101\000\040\004\102\004\070\004\077\004\060\004\074\004\070\000\040\004\064\004\060\004\075\004\075\004\113\004\105\000\040\004\070\000\040\004\062\004\101\004\102\004\100\004\076\004\065\004\075\004\075\004\113\004\074\004\070\000\040\004\104\004\103\004\075\004\072\004\106\004\070\004\117\004\074\004\070}{chapter.2}% 6
\BOOKMARK [2][-]{subsection.2.2.1}{\376\377\004\022\004\113\004\061\004\076\004\100\000\040\004\102\004\070\004\077\004\076\004\062\000\040\004\064\004\060\004\075\004\075\004\113\004\105\000\040\004\064\004\073\004\117\000\040\004\072\004\073\004\116\004\107\004\065\004\071}{section.2.2}% 7
\BOOKMARK [2][-]{subsection.2.2.2}{\376\377\004\022\004\113\004\100\004\060\004\066\004\065\004\075\004\070\004\065\000\040\000C\000A\000S\000E\000\040\004\070\000\040\004\101\004\062\004\117\004\067\004\060\004\075\004\075\004\113\004\065\000\040\004\101\000\040\004\075\004\070\004\074\000\040\004\104\004\103\004\075\004\072\004\106\004\070\004\070}{section.2.2}% 8
\BOOKMARK [2][-]{subsection.2.2.3}{\376\377\004\044\004\103\004\075\004\072\004\106\004\070\004\117\000\040\000C\000O\000A\000L\000E\000S\000C\000E}{section.2.2}% 9
\BOOKMARK [0][-]{chapter.3}{\376\377\004\044\004\070\004\073\004\114\004\102\004\100\004\060\004\106\004\070\004\117\000\040\004\070\000\040\004\101\004\076\004\100\004\102\004\070\004\100\004\076\004\062\004\072\004\060\000\040\004\064\004\060\004\075\004\075\004\113\004\105\000\040}{}% 10
\BOOKMARK [1][-]{section.3.1}{\376\377\004\044\004\070\004\073\004\114\004\102\004\100\004\060\004\106\004\070\004\117\000\040\004\064\004\060\004\075\004\075\004\113\004\105\000\040\004\101\000\040\004\077\004\076\004\074\004\076\004\111\004\114\004\116\000\040\004\077\004\100\004\065\004\064\004\070\004\072\004\060\004\102\004\076\004\062\000\040}{chapter.3}% 11
\BOOKMARK [2][-]{subsection.3.1.1}{\376\377\004\037\004\100\004\065\004\064\004\070\004\072\004\060\004\102\000\040\000L\000I\000K\000E}{section.3.1}% 12
\BOOKMARK [2][-]{subsection.3.1.2}{\376\377\004\044\004\070\004\073\004\114\004\102\004\100\004\060\004\106\004\070\004\117\000\040\004\064\004\060\004\075\004\075\004\113\004\105\000\040\004\064\004\060\004\102\004\113\000\040\004\070\000\040\004\062\004\100\004\065\004\074\004\065\004\075\004\070}{section.3.1}% 13
\BOOKMARK [1][-]{section.3.2}{\376\377\004\041\004\076\004\100\004\102\004\070\004\100\004\076\004\062\004\072\004\060\000\040\004\064\004\060\004\075\004\075\004\113\004\105}{chapter.3}% 14
\BOOKMARK [1][-]{section.3.3}{\376\377\004\044\004\070\004\073\004\114\004\102\004\100\004\060\004\106\004\070\004\117\000\040\004\064\004\060\004\075\004\075\004\113\004\105\000\040\004\101\000\040\004\077\004\076\004\074\004\076\004\111\004\114\004\116\000\040\000T\000O\000P\000\040\004\070\000\040\000O\000F\000F\000S\000E\000T\000.\000.\000.\000F\000E\000T\000C\000H}{chapter.3}% 15
\BOOKMARK [2][-]{subsection.3.3.1}{\376\377\004\044\004\070\004\073\004\114\004\102\004\100\004\060\004\106\004\070\004\117\000\040\004\064\004\060\004\075\004\075\004\113\004\105\000\040\004\101\000\040\004\077\004\076\004\074\004\076\004\111\004\114\004\116\000\040\004\077\004\100\004\065\004\064\004\073\004\076\004\066\004\065\004\075\004\070\004\117\000\040\000T\000O\000P}{section.3.3}% 16
\BOOKMARK [2][-]{subsection.3.3.2}{\376\377\004\044\004\070\004\073\004\114\004\102\004\100\004\060\004\106\004\070\004\117\000\040\004\064\004\060\004\075\004\075\004\113\004\105\000\040\004\101\000\040\004\077\004\076\004\074\004\076\004\111\004\114\004\116\000\040\000O\000F\000F\000S\000E\000T\000.\000.\000.\000F\000E\000T\000C\000H}{section.3.3}% 17
\BOOKMARK [0][-]{chapter.4}{\376\377\004\032\004\076\004\074\004\061\004\070\004\075\004\070\004\100\004\076\004\062\004\060\004\075\004\070\004\065\000\040\004\075\004\060\004\061\004\076\004\100\004\076\004\062\000\040\004\064\004\060\004\075\004\075\004\113\004\105}{}% 18
\BOOKMARK [1][-]{section.4.1}{\376\377\004\030\004\101\004\077\004\076\004\073\004\114\004\067\004\076\004\062\004\060\004\075\004\070\004\065\000\040\004\101\004\076\004\065\004\064\004\070\004\075\004\065\004\075\004\070\004\071}{chapter.4}% 19
\BOOKMARK [2][-]{subsection.4.1.1}{\376\377\004\037\004\065\004\100\004\065\004\072\004\100\004\065\004\101\004\102\004\075\004\113\004\065\000\040\004\101\004\076\004\065\004\064\004\070\004\075\004\065\004\075\004\070\004\117\000\040\000C\000R\000O\000S\000S\000\040\000J\000O\000I\000N}{section.4.1}% 20
\BOOKMARK [2][-]{subsection.4.1.2}{\376\377\004\022\004\075\004\103\004\102\004\100\004\065\004\075\004\075\004\070\004\065\000\040\004\101\004\076\004\065\004\064\004\070\004\075\004\065\004\075\004\070\004\117\000\040\000I\000N\000N\000E\000R\000\040\000J\000O\000I\000N}{section.4.1}% 21
\BOOKMARK [2][-]{subsection.4.1.3}{\376\377\004\022\004\075\004\065\004\110\004\075\004\070\004\065\000\040\004\101\004\076\004\065\004\064\004\070\004\075\004\065\004\075\004\070\004\117\000\040\000O\000U\000T\000E\000R\000\040\000J\000O\000I\000N}{section.4.1}% 22
\BOOKMARK [1][-]{section.4.2}{\376\377\004\030\004\101\004\077\004\076\004\073\004\114\004\067\004\076\004\062\004\060\004\075\004\070\004\065\000\040\004\077\004\076\004\064\004\067\004\060\004\077\004\100\004\076\004\101\004\076\004\062\000,\000\040\004\102\004\060\004\061\004\073\004\070\004\107\004\075\004\113\004\105\000\040\004\062\004\113\004\100\004\060\004\066\004\065\004\075\004\070\004\071\000\040\004\070\000\040\004\076\004\077\004\065\004\100\004\060\004\102\004\076\004\100\004\060\000\040\000A\000P\000P\000L\000Y}{chapter.4}% 23
\BOOKMARK [2][-]{subsection.4.2.1}{\376\377\004\035\004\065\004\067\004\060\004\062\004\070\004\101\004\070\004\074\004\113\004\065\000\040\004\077\004\076\004\064\004\067\004\060\004\077\004\100\004\076\004\101\004\113}{section.4.2}% 24
\BOOKMARK [2][-]{subsection.4.2.2}{\376\377\004\032\004\076\004\100\004\100\004\065\004\073\004\070\004\100\004\076\004\062\004\060\004\075\004\075\004\113\004\065\000\040\000\050\004\101\004\062\004\117\004\067\004\060\004\075\004\075\004\113\004\065\000\051\000\040\004\077\004\076\004\064\004\067\004\060\004\077\004\100\004\076\004\101\004\113}{section.4.2}% 25
\BOOKMARK [1][-]{section.4.3}{\376\377\004\042\004\060\004\061\004\073\004\070\004\107\004\075\004\113\004\065\000\040\004\062\004\113\004\100\004\060\004\066\004\065\004\075\004\070\004\117}{chapter.4}% 26
\BOOKMARK [2][-]{subsection.4.3.1}{\376\377\004\037\004\100\004\076\004\070\004\067\004\062\004\076\004\064\004\075\004\113\004\065\000\040\004\102\004\060\004\061\004\073\004\070\004\106\004\113}{section.4.3}% 27
\BOOKMARK [2][-]{subsection.4.3.2}{\376\377\004\036\004\061\004\076\004\061\004\111\004\065\004\075\004\075\004\113\004\065\000\040\004\102\004\060\004\061\004\073\004\070\004\107\004\075\004\113\004\065\000\040\004\062\004\113\004\100\004\060\004\066\004\065\004\075\004\070\004\117}{section.4.3}% 28
\BOOKMARK [2][-]{subsection.4.3.3}{\376\377\004\037\004\100\004\065\004\064\004\101\004\102\004\060\004\062\004\073\004\065\004\075\004\070\004\117\000\040\004\070\000\040\004\062\004\101\004\102\004\100\004\076\004\065\004\075\004\075\004\113\004\065\000\040\004\102\004\060\004\061\004\073\004\070\004\107\004\075\004\113\004\065\000\040\004\104\004\103\004\075\004\072\004\106\004\070\004\070}{section.4.3}% 29
\BOOKMARK [1][-]{section.4.4}{\376\377\004\036\004\077\004\065\004\100\004\060\004\102\004\076\004\100\000\040\000A\000P\000P\000L\000Y}{chapter.4}% 30
\BOOKMARK [2][-]{subsection.4.4.1}{\376\377\000C\000R\000O\000S\000S\000\040\000A\000P\000P\000L\000Y}{section.4.4}% 31
\BOOKMARK [2][-]{subsection.4.4.2}{\376\377\000O\000U\000T\000E\000R\000\040\000A\000P\000P\000L\000Y}{section.4.4}% 32
\BOOKMARK [1][-]{section.4.5}{\376\377\004\030\004\101\004\077\004\076\004\073\004\114\004\067\004\076\004\062\004\060\004\075\004\070\004\065\000\040\004\076\004\077\004\065\004\100\004\060\004\102\004\076\004\100\004\076\004\062\000\040\004\100\004\060\004\061\004\076\004\102\004\113\000\040\004\101\000\040\004\075\004\060\004\061\004\076\004\100\004\060\004\074\004\070}{chapter.4}% 33
\BOOKMARK [2][-]{subsection.4.5.1}{\376\377\004\036\004\077\004\065\004\100\004\060\004\102\004\076\004\100\004\113\000\040\000U\000N\000I\000O\000N\000\040\004\070\000\040\000U\000N\000I\000O\000N\000\040\000A\000L\000L}{section.4.5}% 34
\BOOKMARK [2][-]{subsection.4.5.2}{\376\377\004\036\004\077\004\065\004\100\004\060\004\102\004\076\004\100\000\040\000I\000N\000T\000E\000R\000S\000E\000C\000T}{section.4.5}% 35
\BOOKMARK [2][-]{subsection.4.5.3}{\376\377\004\036\004\077\004\065\004\100\004\060\004\102\004\076\004\100\000\040\000E\000X\000C\000E\000P\000T}{section.4.5}% 36
\BOOKMARK [0][-]{chapter.5}{\376\377\004\023\004\100\004\103\004\077\004\077\004\070\004\100\004\076\004\062\004\060\004\075\004\070\004\065\000\040\004\070\000\040\004\076\004\072\004\076\004\075\004\075\004\113\004\065\000\040\004\104\004\103\004\075\004\072\004\106\004\070\004\070}{}% 37
\BOOKMARK [1][-]{section.5.1}{\376\377\004\035\004\060\004\077\004\070\004\101\004\060\004\075\004\070\004\065\000\040\004\067\004\060\004\077\004\100\004\076\004\101\004\076\004\062\000\040\004\064\004\073\004\117\000\040\004\063\004\100\004\103\004\077\004\077\004\070\004\100\004\076\004\062\004\072\004\070\000\040\004\064\004\060\004\075\004\075\004\113\004\105}{chapter.5}% 38
\BOOKMARK [1][-]{section.5.2}{\376\377\004\040\004\060\004\061\004\076\004\102\004\060\000\040\004\101\000\040\004\075\004\065\004\101\004\072\004\076\004\073\004\114\004\072\004\070\004\074\004\070\000\040\004\075\004\060\004\061\004\076\004\100\004\060\004\074\004\070\000\040\004\063\004\100\004\103\004\077\004\077\004\070\004\100\004\076\004\062\004\060\004\075\004\070\004\117}{chapter.5}% 39
\BOOKMARK [2][-]{subsection.5.2.1}{\376\377\000G\000R\000O\000U\000P\000I\000N\000G\000\040\000S\000E\000T\000S}{section.5.2}% 40
\BOOKMARK [2][-]{subsection.5.2.2}{\376\377\000C\000U\000B\000E}{section.5.2}% 41
\BOOKMARK [2][-]{subsection.5.2.3}{\376\377\000R\000O\000L\000L\000U\000P}{section.5.2}% 42
\BOOKMARK [2][-]{subsection.5.2.4}{\376\377\000G\000R\000O\000U\000P\000I\000N\000G\000,\000\040\000G\000R\000O\000U\000P\000I\000N\000G\000\137\000I\000D}{section.5.2}% 43
\BOOKMARK [1][-]{section.5.3}{\376\377\004\041\004\062\004\065\004\064\004\065\004\075\004\070\004\065\000\040\004\070\000\040\004\076\004\102\004\074\004\065\004\075\004\060\000\040\004\101\004\062\004\065\004\064\004\065\004\075\004\070\004\117\000\040\004\064\004\060\004\075\004\075\004\113\004\105}{chapter.5}% 44
\BOOKMARK [2][-]{subsection.5.3.1}{\376\377\004\041\004\062\004\065\004\064\004\065\004\075\004\070\004\065\000\040\004\064\004\060\004\075\004\075\004\113\004\105}{section.5.3}% 45
\BOOKMARK [2][-]{subsection.5.3.2}{\376\377\004\036\004\102\004\074\004\065\004\075\004\060\000\040\004\101\004\062\004\065\004\064\004\065\004\075\004\070\004\117\000\040\004\064\004\060\004\075\004\075\004\113\004\105}{section.5.3}% 46
\BOOKMARK [1][-]{section.5.4}{\376\377\004\030\004\101\004\077\004\076\004\073\004\114\004\067\004\076\004\062\004\060\004\075\004\070\004\065\000\040\004\076\004\072\004\076\004\075\004\075\004\113\004\105\000\040\004\104\004\103\004\075\004\072\004\106\004\070\004\071}{chapter.5}% 47
\BOOKMARK [2][-]{subsection.5.4.1}{\376\377\004\041\004\102\004\060\004\102\004\070\004\101\004\102\004\070\004\107\004\065\004\101\004\072\004\070\004\065\000\040\004\076\004\072\004\076\004\075\004\075\004\113\004\065\000\040\004\104\004\103\004\075\004\072\004\106\004\070\004\070}{section.5.4}% 48
\BOOKMARK [2][-]{subsection.5.4.2}{\376\377\004\040\004\060\004\075\004\066\004\070\004\100\004\103\004\116\004\111\004\070\004\065\000\040\004\076\004\072\004\076\004\075\004\075\004\113\004\065\000\040\004\104\004\103\004\075\004\072\004\106\004\070\004\070}{section.5.4}% 49
\BOOKMARK [2][-]{subsection.5.4.3}{\376\377\004\036\004\072\004\076\004\075\004\075\004\113\004\065\000\040\004\104\004\103\004\075\004\072\004\106\004\070\004\070\000\040\004\101\004\074\004\065\004\111\004\065\004\075\004\070\004\117}{section.5.4}% 50
\BOOKMARK [0][-]{chapter.6}{\376\377\004\027\004\060\004\077\004\100\004\076\004\101\004\113\000\040\004\101\000\040\004\077\004\076\004\073\004\075\004\076\004\102\004\065\004\072\004\101\004\102\004\076\004\062\004\113\004\074\000\040\004\077\004\076\004\070\004\101\004\072\004\076\004\074\000\040\004\064\004\060\004\075\004\075\004\113\004\105}{}% 51
\BOOKMARK [1][-]{section.6.1}{\376\377\004\041\004\076\004\067\004\064\004\060\004\075\004\070\004\065\000\040\004\077\004\076\004\073\004\075\004\076\004\102\004\065\004\072\004\101\004\102\004\076\004\062\004\113\004\105\000\040\004\072\004\060\004\102\004\060\004\073\004\076\004\063\004\076\004\062\000\040\004\070\000\040\004\070\004\075\004\064\004\065\004\072\004\101\004\076\004\062}{chapter.6}% 52
\BOOKMARK [2][-]{subsection.6.1.1}{\376\377\004\032\004\076\004\074\004\077\004\076\004\075\004\065\004\075\004\102\004\113\000\040\004\077\004\076\004\073\004\075\004\076\004\102\004\065\004\072\004\101\004\102\004\076\004\062\004\076\004\063\004\076\000\040\004\077\004\076\004\070\004\101\004\072\004\060}{section.6.1}% 53
\BOOKMARK [1][-]{section.6.2}{\376\377\004\030\004\101\004\077\004\076\004\073\004\114\004\067\004\076\004\062\004\060\004\075\004\070\004\065\000\040\004\077\004\100\004\065\004\064\004\070\004\072\004\060\004\102\004\076\004\062\000\040\000C\000O\000N\000T\000A\000I\000N\000S\000\040\004\070\000\040\000F\000R\000E\000E\000T\000E\000X\000T}{chapter.6}% 54
\BOOKMARK [2][-]{subsection.6.2.1}{\376\377\004\037\004\100\004\065\004\064\004\070\004\072\004\060\004\102\000\040\000C\000O\000N\000T\000A\000I\000N\000S}{section.6.2}% 55
\BOOKMARK [2][-]{subsection.6.2.2}{\376\377\004\037\004\100\004\065\004\064\004\070\004\072\004\060\004\102\000\040\000F\000R\000E\000E\000T\000E\000X\000T}{section.6.2}% 56
\BOOKMARK [1][-]{section.6.3}{\376\377\004\030\004\101\004\077\004\076\004\073\004\114\004\067\004\076\004\062\004\060\004\075\004\070\004\065\000\040\004\102\004\060\004\061\004\073\004\070\004\107\004\075\004\113\004\105\000\040\004\104\004\103\004\075\004\072\004\106\004\070\004\071\000\040\004\077\004\076\004\073\004\075\004\076\004\102\004\065\004\072\004\101\004\102\004\076\004\062\004\076\004\063\004\076\000\040\004\070\000\040\004\101\004\065\004\074\004\060\004\075\004\102\004\070\004\107\004\065\004\101\004\072\004\076\004\063\004\076\000\040\004\077\004\076\004\070\004\101\004\072\004\060}{chapter.6}% 57
\BOOKMARK [2][-]{subsection.6.3.1}{\376\377\004\041\004\102\004\060\004\102\004\070\004\101\004\102\004\070\004\107\004\065\004\101\004\072\004\070\004\065\000\040\004\076\004\072\004\076\004\075\004\075\004\113\004\065\000\040\004\104\004\103\004\075\004\072\004\106\004\070\004\070}{section.6.3}% 58
\BOOKMARK [0][-]{chapter.7}{\376\377\004\027\004\060\004\077\004\100\004\076\004\101\000\040\004\070\000\040\004\103\004\077\004\100\004\060\004\062\004\073\004\065\004\075\004\070\004\065\000\040\000X\000M\000L\000-\004\064\004\060\004\075\004\075\004\113\004\074\004\070}{}% 59
\BOOKMARK [1][-]{section.7.1}{\376\377\004\022\004\076\004\067\004\062\004\100\004\060\004\111\004\065\004\075\004\070\004\065\000\040\004\100\004\065\004\067\004\103\004\073\004\114\004\102\004\060\004\102\004\076\004\062\000\040\004\062\000\040\004\062\004\070\004\064\004\065\000\040\000X\000M\000L\000\040\004\101\000\040\004\077\004\076\004\074\004\076\004\111\004\114\004\116\000\040\004\077\004\100\004\065\004\064\004\073\004\076\004\066\004\065\004\075\004\070\004\117\000\040\000F\000O\000R\000\040\000X\000M\000L}{chapter.7}% 60
\BOOKMARK [2][-]{subsection.7.1.1}{\376\377\004\040\004\065\004\066\004\070\004\074\000\040\000F\000O\000R\000\040\000X\000M\000L\000\040\000P\000A\000T\000H}{section.7.1}% 61
\BOOKMARK [1][-]{section.7.2}{\376\377\004\027\004\060\004\077\004\100\004\076\004\101\000\040\000X\000M\000L\000-\004\064\004\060\004\075\004\075\004\113\004\105\000\040\004\101\000\040\004\077\004\076\004\074\004\076\004\111\004\114\004\116\000\040\000X\000Q\000u\000e\000r\000y}{chapter.7}% 62
\BOOKMARK [0][-]{chapter.8}{\376\377\004\041\004\076\004\067\004\064\004\060\004\075\004\070\004\065\000\040\004\102\004\060\004\061\004\073\004\070\004\106\000\040\004\070\000\040\004\076\004\061\004\065\004\101\004\077\004\065\004\107\004\065\004\075\004\070\004\065\000\040\004\106\004\065\004\073\004\076\004\101\004\102\004\075\004\076\004\101\004\102\004\070\000\040\004\064\004\060\004\075\004\075\004\113\004\105}{}% 63
\BOOKMARK [1][-]{section.8.1}{\376\377\004\041\004\076\004\067\004\064\004\060\004\075\004\070\004\065\000\040\004\070\000\040\004\070\004\067\004\074\004\065\004\075\004\065\004\075\004\070\004\065\000\040\004\102\004\060\004\061\004\073\004\070\004\106}{chapter.8}% 64
\BOOKMARK [2][-]{subsection.8.1.1}{\376\377\004\041\004\076\004\067\004\064\004\060\004\075\004\070\004\065\000\040\004\102\004\060\004\061\004\073\004\070\004\106\004\113}{section.8.1}% 65
\BOOKMARK [2][-]{subsection.8.1.2}{\376\377\004\036\004\077\004\100\004\065\004\064\004\065\004\073\004\065\004\075\004\070\004\065\000\040\004\101\004\105\004\065\004\074\004\113\000\040\004\061\004\060\004\067\004\113\000\040\004\064\004\060\004\075\004\075\004\113\004\105}{section.8.1}% 66
\BOOKMARK [2][-]{subsection.8.1.3}{\376\377\004\041\004\062\004\076\004\071\004\101\004\102\004\062\004\076\000\040\004\070\004\064\004\065\004\075\004\102\004\070\004\104\004\070\004\072\004\060\004\102\004\076\004\100\004\060\000\040\004\070\000\040\004\077\004\076\004\100\004\117\004\064\004\072\004\076\004\062\004\113\004\065\000\040\004\075\004\076\004\074\004\065\004\100\004\060}{section.8.1}% 67
\BOOKMARK [2][-]{subsection.8.1.4}{\376\377\004\041\004\066\004\060\004\102\004\070\004\065\000\040\004\102\004\060\004\061\004\073\004\070\004\106}{section.8.1}% 68
\BOOKMARK [2][-]{subsection.8.1.5}{\376\377\004\030\004\067\004\074\004\065\004\075\004\065\004\075\004\070\004\065\000\040\004\102\004\060\004\061\004\073\004\070\004\106\004\113}{section.8.1}% 69
\BOOKMARK [1][-]{section.8.2}{\376\377\004\036\004\061\004\065\004\101\004\077\004\065\004\107\004\065\004\075\004\070\004\065\000\040\004\106\004\065\004\073\004\076\004\101\004\102\004\075\004\076\004\101\004\102\004\070\000\040\004\064\004\060\004\075\004\075\004\113\004\105}{chapter.8}% 70
\BOOKMARK [2][-]{subsection.8.2.1}{\376\377\004\030\004\101\004\077\004\076\004\073\004\114\004\067\004\076\004\062\004\060\004\075\004\070\004\065\000\040\004\076\004\063\004\100\004\060\004\075\004\070\004\107\004\065\004\075\004\070\004\071}{section.8.2}% 71
